<?xml version="1.0" encoding="UTF-8"?>
<testng-results ignored="0" total="1" passed="1" failed="0" skipped="0">
  <reporter-output>
  </reporter-output>
  <suite started-at="2024-02-03T23:11:58 IST" name="Default suite" finished-at="2024-02-03T23:18:48 IST" duration-ms="409345">
    <groups>
    </groups>
    <test started-at="2024-02-03T23:11:58 IST" name="Default test" finished-at="2024-02-03T23:18:48 IST" duration-ms="409345">
      <class name="callingAutomationExercise.Callings">
        <test-method is-config="true" signature="LaunchBrowser()[pri:0, instance:callingAutomationExercise.Callings@293a5bf6]" started-at="2024-02-03T23:11:58 IST" name="LaunchBrowser" finished-at="2024-02-03T23:12:16 IST" duration-ms="17704" status="PASS">
          <reporter-output>
          </reporter-output>
        </test-method> <!-- LaunchBrowser -->
        <test-method signature="test()[pri:0, instance:callingAutomationExercise.Callings@293a5bf6]" started-at="2024-02-03T23:12:16 IST" name="test" finished-at="2024-02-03T23:18:48 IST" duration-ms="391559" status="PASS">
          <reporter-output>
          </reporter-output>
        </test-method> <!-- test -->
      </class> <!-- callingAutomationExercise.Callings -->
    </test> <!-- Default test -->
  </suite> <!-- Default suite -->
</testng-results>
