<?xml version="1.0" encoding="UTF-8"?>
<testng-results ignored="0" total="1" passed="1" failed="0" skipped="0">
  <reporter-output>
  </reporter-output>
  <suite started-at="2024-02-07T17:35:37 IST" name="Default suite" finished-at="2024-02-07T17:41:21 IST" duration-ms="344565">
    <groups>
    </groups>
    <test started-at="2024-02-07T17:35:37 IST" name="Default test" finished-at="2024-02-07T17:41:21 IST" duration-ms="344565">
      <class name="automationTestPage.Callings">
        <test-method is-config="true" signature="LaunchBrowser()[pri:0, instance:automationTestPage.Callings@293a5bf6]" started-at="2024-02-07T17:35:37 IST" name="LaunchBrowser" finished-at="2024-02-07T17:35:49 IST" duration-ms="12322" status="PASS">
          <reporter-output>
          </reporter-output>
        </test-method> <!-- LaunchBrowser -->
        <test-method signature="test()[pri:0, instance:automationTestPage.Callings@293a5bf6]" started-at="2024-02-07T17:35:49 IST" name="test" finished-at="2024-02-07T17:41:21 IST" duration-ms="332182" status="PASS">
          <reporter-output>
          </reporter-output>
        </test-method> <!-- test -->
      </class> <!-- automationTestPage.Callings -->
    </test> <!-- Default test -->
  </suite> <!-- Default suite -->
</testng-results>
